This is pdfTeX, Version 3.1415926-2.5-1.40.14 (MiKTeX 2.9) (preloaded format=pdflatex 2014.7.27)  25 AUG 2014 09:29
entering extended mode
**E:/DropBox/Dropbox/mick/masters/github/dissertation/documents/final-paper/dis
sertation.tex.backup.tex

(E:/DropBox/Dropbox/mick/masters/github/dissertation/documents/final-paper/diss
ertation.tex.backup.tex
LaTeX2e <2014/05/01>
Babel <3.9k> and hyphenation patterns for 68 languages loaded.

(E:\DropBox\Dropbox\mick\masters\github\dissertation\documents\final-paper\llnc
s.cls
Document Class: llncs 2013/09/27 v2.18 
 LaTeX document class for Lecture Notes in Computer Science
("C:\Program Files (x86)\MiKTeX 2.9\tex\latex\base\article.cls"
Document Class: article 2007/10/19 v1.4h Standard LaTeX document class
("C:\Program Files (x86)\MiKTeX 2.9\tex\latex\base\size10.clo"
File: size10.clo 2007/10/19 v1.4h Standard LaTeX file (size option)
)
\c@part=\count79
\c@section=\count80
\c@subsection=\count81
\c@subsubsection=\count82
\c@paragraph=\count83
\c@subparagraph=\count84
\c@figure=\count85
\c@table=\count86
\abovecaptionskip=\skip41
\belowcaptionskip=\skip42
\bibindent=\dimen102
)
("C:\Program Files (x86)\MiKTeX 2.9\tex\latex\tools\multicol.sty"
Package: multicol 2014/06/19 v1.8f multicolumn formatting (FMi)
\c@tracingmulticols=\count87
\mult@box=\box26
\multicol@leftmargin=\dimen103
\c@unbalance=\count88
\c@collectmore=\count89
\doublecol@number=\count90
\multicoltolerance=\count91
\multicolpretolerance=\count92
\full@width=\dimen104
\page@free=\dimen105
\premulticols=\dimen106
\postmulticols=\dimen107
\multicolsep=\skip43
\multicolbaselineskip=\skip44
\partial@page=\box27
\last@line=\box28
\maxbalancingoverflow=\dimen108
\mult@rightbox=\box29
\mult@grightbox=\box30
\mult@gfirstbox=\box31
\mult@firstbox=\box32
\@tempa=\box33
\@tempa=\box34
\@tempa=\box35
\@tempa=\box36
\@tempa=\box37
\@tempa=\box38
\@tempa=\box39
\@tempa=\box40
\@tempa=\box41
\@tempa=\box42
\@tempa=\box43
\@tempa=\box44
\@tempa=\box45
\@tempa=\box46
\@tempa=\box47
\@tempa=\box48
\@tempa=\box49
\c@columnbadness=\count93
\c@finalcolumnbadness=\count94
\last@try=\dimen109
\multicolovershoot=\dimen110
\multicolundershoot=\dimen111
\mult@nat@firstbox=\box50
\colbreak@box=\box51
\mc@col@check@num=\count95
)
(E:\DropBox\Dropbox\mick\masters\github\dissertation\documents\final-paper\alia
scnt.sty
Package: aliascnt 2009/09/08 v1.3 Alias counter (HO)

(E:\DropBox\Dropbox\mick\masters\github\dissertation\documents\final-paper\remr
eset.sty))
\c@chapter=\count96
LaTeX Font Info:    Redeclaring math symbol \Gamma on input line 362.
LaTeX Font Info:    Redeclaring math symbol \Delta on input line 363.
LaTeX Font Info:    Redeclaring math symbol \Theta on input line 364.
LaTeX Font Info:    Redeclaring math symbol \Lambda on input line 365.
LaTeX Font Info:    Redeclaring math symbol \Xi on input line 366.
LaTeX Font Info:    Redeclaring math symbol \Pi on input line 367.
LaTeX Font Info:    Redeclaring math symbol \Sigma on input line 368.
LaTeX Font Info:    Redeclaring math symbol \Upsilon on input line 369.
LaTeX Font Info:    Redeclaring math symbol \Phi on input line 370.
LaTeX Font Info:    Redeclaring math symbol \Psi on input line 371.
LaTeX Font Info:    Redeclaring math symbol \Omega on input line 372.
\tocchpnum=\dimen112
\tocsecnum=\dimen113
\tocsectotal=\dimen114
\tocsubsecnum=\dimen115
\tocsubsectotal=\dimen116
\tocsubsubsecnum=\dimen117
\tocsubsubsectotal=\dimen118
\tocparanum=\dimen119
\tocparatotal=\dimen120
\tocsubparanum=\dimen121
\@tempcntc=\count97
\fnindent=\dimen122
\c@@inst=\count98
\c@@auth=\count99
\c@auco=\count100
\instindent=\dimen123
\authrun=\box52
\authorrunning=\toks14
\tocauthor=\toks15
\titrun=\box53
\titlerunning=\toks16
\toctitle=\toks17
\c@theorem=\count101
\c@case=\count102
\c@conjecture=\count103
\c@corollary=\count104
\c@definition=\count105
\c@example=\count106
\c@exercise=\count107
\c@lemma=\count108
\c@note=\count109
\c@problem=\count110
\c@property=\count111
\c@proposition=\count112
\c@question=\count113
\c@solution=\count114
\c@remark=\count115
\headlineindent=\dimen124
)
(E:\DropBox\Dropbox\mick\masters\github\dissertation\documents\final-paper\llnc
sdoc.sty) ("C:\Program Files (x86)\MiKTeX 2.9\tex\latex\hyperref\hyperref.sty"
Package: hyperref 2012/11/06 v6.83m Hypertext links for LaTeX

("C:\Program Files (x86)\MiKTeX 2.9\tex\generic\oberdiek\hobsub-hyperref.sty"
Package: hobsub-hyperref 2012/04/25 v1.12 Bundle oberdiek, subset hyperref (HO)


("C:\Program Files (x86)\MiKTeX 2.9\tex\generic\oberdiek\hobsub-generic.sty"
Package: hobsub-generic 2012/04/25 v1.12 Bundle oberdiek, subset generic (HO)
Package: hobsub 2012/04/25 v1.12 Construct package bundles (HO)
Package: infwarerr 2010/04/08 v1.3 Providing info/warning/error messages (HO)
Package: ltxcmds 2011/11/09 v1.22 LaTeX kernel commands for general use (HO)
Package: ifluatex 2010/03/01 v1.3 Provides the ifluatex switch (HO)
Package ifluatex Info: LuaTeX not detected.
Package: ifvtex 2010/03/01 v1.5 Detect VTeX and its facilities (HO)
Package ifvtex Info: VTeX not detected.
Package: intcalc 2007/09/27 v1.1 Expandable calculations with integers (HO)
Package: ifpdf 2011/01/30 v2.3 Provides the ifpdf switch (HO)
Package ifpdf Info: pdfTeX in PDF mode is detected.
Package: etexcmds 2011/02/16 v1.5 Avoid name clashes with e-TeX commands (HO)
Package etexcmds Info: Could not find \expanded.
(etexcmds)             That can mean that you are not using pdfTeX 1.50 or
(etexcmds)             that some package has redefined \expanded.
(etexcmds)             In the latter case, load this package earlier.
Package: kvsetkeys 2012/04/25 v1.16 Key value parser (HO)
Package: kvdefinekeys 2011/04/07 v1.3 Define keys (HO)
Package: pdftexcmds 2011/11/29 v0.20 Utility functions of pdfTeX for LuaTeX (HO
)
Package pdftexcmds Info: LuaTeX not detected.
Package pdftexcmds Info: \pdf@primitive is available.
Package pdftexcmds Info: \pdf@ifprimitive is available.
Package pdftexcmds Info: \pdfdraftmode found.
Package: pdfescape 2011/11/25 v1.13 Implements pdfTeX's escape features (HO)
Package: bigintcalc 2012/04/08 v1.3 Expandable calculations on big integers (HO
)
Package: bitset 2011/01/30 v1.1 Handle bit-vector datatype (HO)
Package: uniquecounter 2011/01/30 v1.2 Provide unlimited unique counter (HO)
)
Package hobsub Info: Skipping package `hobsub' (already loaded).
Package: letltxmacro 2010/09/02 v1.4 Let assignment for LaTeX macros (HO)
Package: hopatch 2011/06/24 v1.1 Wrapper for package hooks (HO)
Package: xcolor-patch 2011/01/30 xcolor patch
Package: atveryend 2011/06/30 v1.8 Hooks at the very end of document (HO)
Package atveryend Info: \enddocument detected (standard20110627).
Package: atbegshi 2011/10/05 v1.16 At begin shipout hook (HO)
Package: refcount 2011/10/16 v3.4 Data extraction from label references (HO)
Package: hycolor 2011/01/30 v1.7 Color options for hyperref/bookmark (HO)
)
("C:\Program Files (x86)\MiKTeX 2.9\tex\latex\graphics\keyval.sty"
Package: keyval 2014/05/08 v1.15 key=value parser (DPC)
\KV@toks@=\toks18
)
("C:\Program Files (x86)\MiKTeX 2.9\tex\generic\ifxetex\ifxetex.sty"
Package: ifxetex 2010/09/12 v0.6 Provides ifxetex conditional
)
("C:\Program Files (x86)\MiKTeX 2.9\tex\latex\oberdiek\auxhook.sty"
Package: auxhook 2011/03/04 v1.3 Hooks for auxiliary files (HO)
)
("C:\Program Files (x86)\MiKTeX 2.9\tex\latex\oberdiek\kvoptions.sty"
Package: kvoptions 2011/06/30 v3.11 Key value format for package options (HO)
)
\@linkdim=\dimen125
\Hy@linkcounter=\count116
\Hy@pagecounter=\count117

("C:\Program Files (x86)\MiKTeX 2.9\tex\latex\hyperref\pd1enc.def"
File: pd1enc.def 2012/11/06 v6.83m Hyperref: PDFDocEncoding definition (HO)
)
\Hy@SavedSpaceFactor=\count118

("C:\Program Files (x86)\MiKTeX 2.9\tex\latex\00miktex\hyperref.cfg"
File: hyperref.cfg 2002/06/06 v1.2 hyperref configuration of TeXLive
)
Package hyperref Info: Hyper figures OFF on input line 4443.
Package hyperref Info: Link nesting OFF on input line 4448.
Package hyperref Info: Hyper index ON on input line 4451.
Package hyperref Info: Plain pages OFF on input line 4458.
Package hyperref Info: Backreferencing OFF on input line 4463.
Package hyperref Info: Implicit mode ON; LaTeX internals redefined.
Package hyperref Info: Bookmarks ON on input line 4688.
\c@Hy@tempcnt=\count119

("C:\Program Files (x86)\MiKTeX 2.9\tex\latex\url\url.sty"
\Urlmuskip=\muskip10
Package: url 2013/09/16  ver 3.4  Verb mode for urls, etc.
)
LaTeX Info: Redefining \url on input line 5041.
\XeTeXLinkMargin=\dimen126
\Fld@menulength=\count120
\Field@Width=\dimen127
\Fld@charsize=\dimen128
Package hyperref Info: Hyper figures OFF on input line 6295.
Package hyperref Info: Link nesting OFF on input line 6300.
Package hyperref Info: Hyper index ON on input line 6303.
Package hyperref Info: backreferencing OFF on input line 6310.
Package hyperref Info: Link coloring OFF on input line 6315.
Package hyperref Info: Link coloring with OCG OFF on input line 6320.
Package hyperref Info: PDF/A mode OFF on input line 6325.
LaTeX Info: Redefining \ref on input line 6365.
LaTeX Info: Redefining \pageref on input line 6369.
\Hy@abspage=\count121
\c@Item=\count122
\c@Hfootnote=\count123
)

Package hyperref Message: Driver (autodetected): hpdftex.

("C:\Program Files (x86)\MiKTeX 2.9\tex\latex\hyperref\hpdftex.def"
File: hpdftex.def 2012/11/06 v6.83m Hyperref driver for pdfTeX
\Fld@listcount=\count124
\c@bookmark@seq@number=\count125

("C:\Program Files (x86)\MiKTeX 2.9\tex\latex\oberdiek\rerunfilecheck.sty"
Package: rerunfilecheck 2011/04/15 v1.7 Rerun checks for auxiliary files (HO)
Package uniquecounter Info: New unique counter `rerunfilecheck' on input line 2
82.
)
\Hy@SectionHShift=\skip45
)
("C:\Program Files (x86)\MiKTeX 2.9\tex\latex\graphics\graphicx.sty"
Package: graphicx 2014/04/25 v1.0g Enhanced LaTeX Graphics (DPC,SPQR)

("C:\Program Files (x86)\MiKTeX 2.9\tex\latex\graphics\graphics.sty"
Package: graphics 2009/02/05 v1.0o Standard LaTeX Graphics (DPC,SPQR)

("C:\Program Files (x86)\MiKTeX 2.9\tex\latex\graphics\trig.sty"
Package: trig 1999/03/16 v1.09 sin cos tan (DPC)
)
("C:\Program Files (x86)\MiKTeX 2.9\tex\latex\00miktex\graphics.cfg"
File: graphics.cfg 2007/01/18 v1.5 graphics configuration of teTeX/TeXLive
)
Package graphics Info: Driver file: pdftex.def on input line 91.

("C:\Program Files (x86)\MiKTeX 2.9\tex\latex\pdftex-def\pdftex.def"
File: pdftex.def 2011/05/27 v0.06d Graphics/color for pdfTeX
\Gread@gobject=\count126
))
\Gin@req@height=\dimen129
\Gin@req@width=\dimen130
)
(E:\DropBox\Dropbox\mick\masters\github\dissertation\documents\final-paper\diss
ertation.tex.backup.aux

LaTeX Warning: Label `fig:ocelli_dm' multiply defined.


LaTeX Warning: Label `fig:ocelli_dm' multiply defined.


LaTeX Warning: Label `fig:ocelli_dm' multiply defined.


LaTeX Warning: Label `fig:ocelli_dm' multiply defined.


LaTeX Warning: Label `fig:ocelli_dm' multiply defined.


LaTeX Warning: Label `fig:ocelli_dm' multiply defined.


LaTeX Warning: Label `fig:ocelli_dm' multiply defined.


LaTeX Warning: Label `fig:ocelli_dm' multiply defined.


LaTeX Warning: Label `fig:ocelli_dm' multiply defined.


LaTeX Warning: Label `fig:ocelli_dm' multiply defined.

)
LaTeX Font Info:    Checking defaults for OML/cmm/m/it on input line 9.
LaTeX Font Info:    ... okay on input line 9.
LaTeX Font Info:    Checking defaults for T1/cmr/m/n on input line 9.
LaTeX Font Info:    ... okay on input line 9.
LaTeX Font Info:    Checking defaults for OT1/cmr/m/n on input line 9.
LaTeX Font Info:    ... okay on input line 9.
LaTeX Font Info:    Checking defaults for OMS/cmsy/m/n on input line 9.
LaTeX Font Info:    ... okay on input line 9.
LaTeX Font Info:    Checking defaults for OMX/cmex/m/n on input line 9.
LaTeX Font Info:    ... okay on input line 9.
LaTeX Font Info:    Checking defaults for U/cmr/m/n on input line 9.
LaTeX Font Info:    ... okay on input line 9.
LaTeX Font Info:    Checking defaults for PD1/pdf/m/n on input line 9.
LaTeX Font Info:    ... okay on input line 9.
\AtBeginShipoutBox=\box54
Package hyperref Info: Link coloring OFF on input line 9.
 ("C:\Program Files (x86)\MiKTeX 2.9\tex\latex\hyperref\nameref.sty"
Package: nameref 2012/10/27 v2.43 Cross-referencing by name of section

("C:\Program Files (x86)\MiKTeX 2.9\tex\generic\oberdiek\gettitlestring.sty"
Package: gettitlestring 2010/12/03 v1.4 Cleanup title references (HO)
)
\c@section@level=\count127
)
LaTeX Info: Redefining \ref on input line 9.
LaTeX Info: Redefining \pageref on input line 9.
LaTeX Info: Redefining \nameref on input line 9.

(E:\DropBox\Dropbox\mick\masters\github\dissertation\documents\final-paper\diss
ertation.tex.backup.out)
(E:\DropBox\Dropbox\mick\masters\github\dissertation\documents\final-paper\diss
ertation.tex.backup.out)
\@outlinefile=\write3

("C:\Program Files (x86)\MiKTeX 2.9\tex\context\base\supp-pdf.mkii"
[Loading MPS to PDF converter (version 2006.09.02).]
\scratchcounter=\count128
\scratchdimen=\dimen131
\scratchbox=\box55
\nofMPsegments=\count129
\nofMParguments=\count130
\everyMPshowfont=\toks19
\MPscratchCnt=\count131
\MPscratchDim=\dimen132
\MPnumerator=\count132
\makeMPintoPDFobject=\count133
\everyMPtoPDFconversion=\toks20
)
(E:\DropBox\Dropbox\mick\masters\github\dissertation\documents\final-paper\diss
ertation.tex.backup.toc
LaTeX Font Info:    External font `cmex10' loaded for size
(Font)              <7> on input line 1.
LaTeX Font Info:    External font `cmex10' loaded for size
(Font)              <5> on input line 1.
)
\tf@toc=\write4
 [1


{C:/ProgramData/MiKTeX/2.9/pdftex/config/pdftex.map}] [2]
Missing character: There is no ‚ in font cmr10!
Missing character: There is no Ä in font cmr10!
Missing character: There is no ú in font cmr10!
Missing character: There is no ‚ in font cmr10!
Missing character: There is no Ä in font cmr10!
Missing character: There is no ù in font cmr10!
Missing character: There is no ‚ in font cmr10!
Missing character: There is no Ä in font cmr10!
Missing character: There is no ì in font cmr10!
 [3]
Missing character: There is no ‚ in font cmr10!
Missing character: There is no Ä in font cmr10!
Missing character: There is no ô in font cmr10!
Missing character: There is no ‚ in font cmr10!
Missing character: There is no Ä in font cmr10!
Missing character: There is no ú in font cmr10!
Missing character: There is no ‚ in font cmr10!
Missing character: There is no Ä in font cmr10!
Missing character: There is no ù in font cmr10!
Missing character: There is no ‚ in font cmr10!
Missing character: There is no Ä in font cmr10!
Missing character: There is no ú in font cmr10!
Missing character: There is no ‚ in font cmr10!
Missing character: There is no Ä in font cmr10!
Missing character: There is no ù in font cmr10!
 [4]
Missing character: There is no ‚ in font cmr10!
Missing character: There is no Ä in font cmr10!
Missing character: There is no ú in font cmr10!
Missing character: There is no ‚ in font cmr10!
Missing character: There is no Ä in font cmr10!
Missing character: There is no ù in font cmr10!
Missing character: There is no ‚ in font cmr10!
Missing character: There is no Ä in font cmr10!
Missing character: There is no ô in font cmr10!
Missing character: There is no ‚ in font cmr10!
Missing character: There is no Ä in font cmr10!
Missing character: There is no ô in font cmr10!
Missing character: There is no ‚ in font cmr10!
Missing character: There is no Ä in font cmr10!
Missing character: There is no ò in font cmr10!
Missing character: There is no ‚ in font cmr10!
Missing character: There is no Ä in font cmr10!
Missing character: There is no ô in font cmr10!
Missing character: There is no ‚ in font cmr10!
Missing character: There is no Ä in font cmr10!
Missing character: There is no ô in font cmr10!
Missing character: There is no ‚ in font cmr10!
Missing character: There is no Ä in font cmr10!
Missing character: There is no ò in font cmr10!
Missing character: There is no ‚ in font cmr10!
Missing character: There is no Ä in font cmr10!
Missing character: There is no ô in font cmr10!
Missing character: There is no ‚ in font cmr10!
Missing character: There is no Ä in font cmr10!
Missing character: There is no ò in font cmr10!
Missing character: There is no ‚ in font cmr10!
Missing character: There is no Ä in font cmr10!
Missing character: There is no ô in font cmr10!
Missing character: There is no ‚ in font cmr10!
Missing character: There is no Ä in font cmr10!
Missing character: There is no ò in font cmr10!
Missing character: There is no ‚ in font cmr10!
Missing character: There is no Ä in font cmr10!
Missing character: There is no ô in font cmr10!
Missing character: There is no ‚ in font cmr10!
Missing character: There is no Ä in font cmr10!
Missing character: There is no ò in font cmr10!
Missing character: There is no ‚ in font cmr10!
Missing character: There is no Ä in font cmr10!
Missing character: There is no ô in font cmr10!
Missing character: There is no ‚ in font cmr10!
Missing character: There is no Ä in font cmr10!
Missing character: There is no ò in font cmr10!
Missing character: There is no ‚ in font cmr10!
Missing character: There is no Ä in font cmr10!
Missing character: There is no ô in font cmr10!
Missing character: There is no ‚ in font cmr10!
Missing character: There is no Ä in font cmr10!
Missing character: There is no ò in font cmr10!
Missing character: There is no ‚ in font cmr10!
Missing character: There is no Ä in font cmr10!
Missing character: There is no ô in font cmr10!
Missing character: There is no ‚ in font cmr10!
Missing character: There is no Ä in font cmr10!
Missing character: There is no ò in font cmr10!
Missing character: There is no ‚ in font cmr10!
Missing character: There is no Ä in font cmr10!
Missing character: There is no ô in font cmr10!
Missing character: There is no ‚ in font cmr10!
Missing character: There is no Ä in font cmr10!
Missing character: There is no ò in font cmr10!
Missing character: There is no ‚ in font cmr10!
Missing character: There is no Ä in font cmr10!
Missing character: There is no ô in font cmr10!
Missing character: There is no ‚ in font cmr10!
Missing character: There is no Ä in font cmr10!
Missing character: There is no ô in font cmr10!
 [5]
Missing character: There is no ‚ in font cmr10!
Missing character: There is no Ä in font cmr10!
Missing character: There is no ò in font cmr10!
Missing character: There is no ‚ in font cmr10!
Missing character: There is no Ä in font cmr10!
Missing character: There is no ô in font cmr10!
Missing character: There is no ‚ in font cmr10!
Missing character: There is no Ä in font cmr10!
Missing character: There is no ò in font cmr10!
Missing character: There is no ‚ in font cmr10!
Missing character: There is no Ä in font cmr10!
Missing character: There is no ô in font cmr10!
Missing character: There is no ‚ in font cmr10!
Missing character: There is no Ä in font cmr10!
Missing character: There is no ò in font cmr10!
Missing character: There is no ‚ in font cmr10!
Missing character: There is no Ä in font cmr10!
Missing character: There is no ô in font cmr10!
Missing character: There is no ‚ in font cmr10!
Missing character: There is no Ä in font cmr10!
Missing character: There is no ò in font cmr10!
Missing character: There is no ‚ in font cmr10!
Missing character: There is no Ä in font cmr10!
Missing character: There is no ô in font cmr10!
Missing character: There is no ‚ in font cmr10!
Missing character: There is no Ä in font cmr10!
Missing character: There is no ô in font cmr10!
Missing character: There is no ‚ in font cmr10!
Missing character: There is no Ä in font cmr10!
Missing character: There is no ò in font cmr10!
Missing character: There is no ‚ in font cmr10!
Missing character: There is no Ä in font cmr10!
Missing character: There is no ô in font cmr10!
Missing character: There is no ‚ in font cmr10!
Missing character: There is no Ä in font cmr10!
Missing character: There is no ò in font cmr10!
Missing character: There is no ‚ in font cmr10!
Missing character: There is no Ä in font cmr10!
Missing character: There is no ô in font cmr10!
Missing character: There is no ‚ in font cmr10!
Missing character: There is no Ä in font cmr10!
Missing character: There is no ò in font cmr10!
Missing character: There is no ‚ in font cmr10!
Missing character: There is no Ä in font cmr10!
Missing character: There is no ô in font cmr10!
Missing character: There is no ‚ in font cmr10!
Missing character: There is no Ä in font cmr10!
Missing character: There is no ò in font cmr10!
Missing character: There is no ‚ in font cmr10!
Missing character: There is no Ä in font cmr10!
Missing character: There is no ô in font cmr10!
Missing character: There is no ‚ in font cmr10!
Missing character: There is no Ä in font cmr10!
Missing character: There is no ò in font cmr10!
Missing character: There is no ‚ in font cmr10!
Missing character: There is no Ä in font cmr10!
Missing character: There is no ô in font cmr10!
Missing character: There is no ‚ in font cmr10!
Missing character: There is no Ä in font cmr10!
Missing character: There is no ô in font cmr10!
Missing character: There is no ‚ in font cmr10!
Missing character: There is no Ä in font cmr10!
Missing character: There is no ô in font cmr10!
Missing character: There is no ‚ in font cmr10!
Missing character: There is no Ä in font cmr10!
Missing character: There is no ò in font cmr10!
Missing character: There is no ‚ in font cmr10!
Missing character: There is no Ä in font cmr10!
Missing character: There is no ô in font cmr10!
 [6] [7] [8]
Missing character: There is no ‚ in font cmr10!
Missing character: There is no Ä in font cmr10!
Missing character: There is no ò in font cmr10!
Missing character: There is no ‚ in font cmr10!
Missing character: There is no Ä in font cmr10!
Missing character: There is no ô in font cmr10!
Missing character: There is no ‚ in font cmr10!
Missing character: There is no Ä in font cmr10!
Missing character: There is no ì in font cmr10!
Missing character: There is no ‚ in font cmr10!
Missing character: There is no Ä in font cmr10!
Missing character: There is no ì in font cmr10!
Missing character: There is no ‚ in font cmr10!
Missing character: There is no Ä in font cmr10!
Missing character: There is no ò in font cmr10!
Missing character: There is no ‚ in font cmr10!
Missing character: There is no Ä in font cmr10!
Missing character: There is no ô in font cmr10!
Missing character: There is no ‚ in font cmr10!
Missing character: There is no Ä in font cmr10!
Missing character: There is no ò in font cmr10!
Missing character: There is no ‚ in font cmr10!
Missing character: There is no Ä in font cmr10!
Missing character: There is no ô in font cmr10!
Missing character: There is no ‚ in font cmr10!
Missing character: There is no Ä in font cmr10!
Missing character: There is no ô in font cmr10!
 [9] [10]
Overfull \hbox (51.16313pt too wide) in paragraph at lines 251--259
[]  
 []


Overfull \hbox (35.49713pt too wide) in paragraph at lines 264--273
[]  
 []

[11]
Missing character: There is no ‚ in font cmr10!
Missing character: There is no Ä in font cmr10!
Missing character: There is no É in font cmr10!
 [12] [13] <ocelli.png, id=249, 991.705pt x 1266.7325pt>
File: ocelli.png Graphic file (type png)
 <use ocelli.png>
Package pdftex.def Info: ocelli.png used on input line 368.
(pdftex.def)             Requested size: 446.26314pt x 570.02437pt.

Overfull \hbox (99.1396pt too wide) in paragraph at lines 368--369
 [][] 
 []


LaTeX Warning: Float too large for page by 43.6361pt on input line 371.

[14] [15 <E:/DropBox/Dropbox/mick/masters/github/dissertation/documents/final-p
aper/ocelli.png>] <app1.png, id=263, 748.29562pt x 487.8225pt>
File: app1.png Graphic file (type png)
 <use app1.png>
Package pdftex.def Info: app1.png used on input line 453.
(pdftex.def)             Requested size: 374.1469pt x 243.91064pt.

Underfull \hbox (badness 10000) in paragraph at lines 452--454

 []


Overfull \hbox (27.02336pt too wide) in paragraph at lines 452--454
[] 
 []


Underfull \hbox (badness 10000) in paragraph at lines 452--454

 []


Underfull \hbox (badness 10000) in paragraph at lines 452--454

 []

[16]
Underfull \hbox (badness 10000) in paragraph at lines 455--456

 []


Underfull \hbox (badness 10000) in paragraph at lines 455--456

 []

<app2.png, id=271, 747.54282pt x 486.31688pt>
File: app2.png Graphic file (type png)
 <use app2.png>
Package pdftex.def Info: app2.png used on input line 465.
(pdftex.def)             Requested size: 411.14983pt x 267.47511pt.

<app3.png, id=272, 563.85657pt x 99.37125pt>
File: app3.png Graphic file (type png)
 <use app3.png>
Package pdftex.def Info: app3.png used on input line 467.
(pdftex.def)             Requested size: 422.89139pt x 74.52824pt.

Overfull \hbox (79.02629pt too wide) in paragraph at lines 465--468
[][] 
 []


Underfull \hbox (badness 10000) in paragraph at lines 465--468

 []


Underfull \hbox (badness 10000) in paragraph at lines 465--468

 []


Overfull \hbox (75.76785pt too wide) in paragraph at lines 465--468
[] 
 []


Underfull \hbox (badness 10000) in paragraph at lines 465--468

 []


Underfull \hbox (badness 10000) in paragraph at lines 465--468

 []


Underfull \vbox (badness 10000) has occurred while \output is active []

 [17 <E:/DropBox/Dropbox/mick/masters/github/dissertation/documents/final-paper
/app1.png>] [18 <E:/DropBox/Dropbox/mick/masters/github/dissertation/documents/
final-paper/app2.png> <E:/DropBox/Dropbox/mick/masters/github/dissertation/docu
ments/final-paper/app3.png>] <app4.png, id=283, 604.50844pt x 463.7325pt>
File: app4.png Graphic file (type png)
 <use app4.png>
Package pdftex.def Info: app4.png used on input line 480.
(pdftex.def)             Requested size: 423.15302pt x 324.61052pt.

Overfull \hbox (76.02948pt too wide) in paragraph at lines 480--481
 [][] 
 []


Overfull \hbox (30.39377pt too wide) in paragraph at lines 488--506
[]  
 []


Underfull \vbox (badness 2744) has occurred while \output is active []

 [19 <E:/DropBox/Dropbox/mick/masters/github/dissertation/documents/final-paper
/app4.png>]
<app6.png, id=290, 601.4972pt x 463.7325pt>
File: app6.png Graphic file (type png)
 <use app6.png>
Package pdftex.def Info: app6.png used on input line 514.
(pdftex.def)             Requested size: 421.04517pt x 324.61052pt.

Overfull \hbox (73.92163pt too wide) in paragraph at lines 514--515
 [][] 
 []


LaTeX Warning: `h' float specifier changed to `ht'.


Overfull \hbox (30.39377pt too wide) in paragraph at lines 527--547
[]  
 []

<app7.png, id=291, 603.75563pt x 301.125pt>
File: app7.png Graphic file (type png)
 <use app7.png>
Package pdftex.def Info: app7.png used on input line 553.
(pdftex.def)             Requested size: 422.62605pt x 210.78606pt.

Overfull \hbox (75.50252pt too wide) in paragraph at lines 553--554
 [][] 
 []

[20]

LaTeX Warning: `h' float specifier changed to `ht'.

<app8.png, id=296, 438.8897pt x 142.28156pt>
File: app8.png Graphic file (type png)
 <use app8.png>
Package pdftex.def Info: app8.png used on input line 564.
(pdftex.def)             Requested size: 307.22069pt x 99.5964pt.


LaTeX Warning: `h' float specifier changed to `ht'.

[21 <E:/DropBox/Dropbox/mick/masters/github/dissertation/documents/final-paper/
app6.png>]
Overfull \hbox (30.39377pt too wide) in paragraph at lines 572--592
[]  
 []


Underfull \vbox (badness 10000) has occurred while \output is active []

 [22 <E:/DropBox/Dropbox/mick/masters/github/dissertation/documents/final-paper
/app7.png> <E:/DropBox/Dropbox/mick/masters/github/dissertation/documents/final
-paper/app8.png>] <app9.png, id=308, 584.1825pt x 536.0025pt>
File: app9.png Graphic file (type png)
 <use app9.png>
Package pdftex.def Info: app9.png used on input line 598.
(pdftex.def)             Requested size: 408.92496pt x 375.19919pt.

Overfull \hbox (61.80142pt too wide) in paragraph at lines 598--599
 [][] 
 []


LaTeX Warning: `h' float specifier changed to `ht'.

<app10.png, id=309, 383.93437pt x 173.89969pt>
File: app10.png Graphic file (type png)
 <use app10.png>
Package pdftex.def Info: app10.png used on input line 607.
(pdftex.def)             Requested size: 268.75221pt x 121.72893pt.


LaTeX Warning: `h' float specifier changed to `ht'.

<app11.png, id=310, 331.99031pt x 138.5175pt>
File: app11.png Graphic file (type png)
 <use app11.png>
Package pdftex.def Info: app11.png used on input line 614.
(pdftex.def)             Requested size: 232.39162pt x 96.96158pt.


LaTeX Warning: `h' float specifier changed to `ht'.


Overfull \hbox (40.3938pt too wide) in paragraph at lines 620--640
[]  
 []


Underfull \vbox (badness 10000) has occurred while \output is active []

 [23]
[24] <app12.png, id=319, 491.58656pt x 140.77594pt>
File: app12.png Graphic file (type png)
 <use app12.png>
Package pdftex.def Info: app12.png used on input line 673.
(pdftex.def)             Requested size: 344.10825pt x 98.54247pt.


LaTeX Warning: `h' float specifier changed to `ht'.

<app13.png, id=320, 381.67593pt x 180.675pt>
File: app13.png Graphic file (type png)
 <use app13.png>
Package pdftex.def Info: app13.png used on input line 680.
(pdftex.def)             Requested size: 267.17133pt x 126.47162pt.


LaTeX Warning: `h' float specifier changed to `ht'.


Overfull \hbox (40.3938pt too wide) in paragraph at lines 686--706
[]  
 []

<app15.png, id=321, 488.57532pt x 143.03438pt>
File: app15.png Graphic file (type png)
 <use app15.png>
Package pdftex.def Info: app15.png used on input line 716.
(pdftex.def)             Requested size: 342.0004pt x 100.12337pt.


LaTeX Warning: `h' float specifier changed to `ht'.


Overfull \hbox (40.3938pt too wide) in paragraph at lines 722--742
[]  
 []


Underfull \vbox (badness 10000) has occurred while \output is active []

 [25]
[26] [27]
Package atveryend Info: Empty hook `BeforeClearDocument' on input line 775.
 [28] [29 <E:/DropBox/Dropbox/mick/masters/github/dissertation/documents/final-
paper/app9.png>] [30 <E:/DropBox/Dropbox/mick/masters/github/dissertation/docum
ents/final-paper/app10.png> <E:/DropBox/Dropbox/mick/masters/github/dissertatio
n/documents/final-paper/app11.png> <E:/DropBox/Dropbox/mick/masters/github/diss
ertation/documents/final-paper/app12.png>] [31 <E:/DropBox/Dropbox/mick/masters
/github/dissertation/documents/final-paper/app13.png> <E:/DropBox/Dropbox/mick/
masters/github/dissertation/documents/final-paper/app15.png>]
Package atveryend Info: Empty hook `AfterLastShipout' on input line 775.

(E:\DropBox\Dropbox\mick\masters\github\dissertation\documents\final-paper\diss
ertation.tex.backup.aux)
Package atveryend Info: Executing hook `AtVeryEndDocument' on input line 775.
Package atveryend Info: Executing hook `AtEndAfterFileList' on input line 775.
Package rerunfilecheck Info: File `dissertation.tex.backup.out' has not changed
.
(rerunfilecheck)             Checksum: 4158859BE60E901A15DB3C687B60CDC1;2442.


LaTeX Warning: There were multiply-defined labels.

Package atveryend Info: Empty hook `AtVeryVeryEnd' on input line 775.
 ) 
Here is how much of TeX's memory you used:
 5541 strings out of 493706
 81698 string characters out of 3142171
 174098 words of memory out of 3000000
 8732 multiletter control sequences out of 15000+200000
 6279 words of font info for 23 fonts, out of 3000000 for 9000
 1025 hyphenation exceptions out of 8191
 29i,9n,28p,1162b,414s stack positions out of 5000i,500n,10000p,200000b,50000s
<C:/Program Files (x86)/MiKTeX 2.9/fonts/type1/public/amsfonts/cm/cmbx10.pfb>
<C:/Program Files (x86)/MiKTeX 2.9/fonts/type1/public/amsfonts/cm/cmbx12.pfb><C
:/Program Files (x86)/MiKTeX 2.9/fonts/type1/public/amsfonts/cm/cmbx9.pfb><C:/P
rogram Files (x86)/MiKTeX 2.9/fonts/type1/public/amsfonts/cm/cmmi10.pfb><C:/Pro
gram Files (x86)/MiKTeX 2.9/fonts/type1/public/amsfonts/cm/cmr10.pfb><C:/Progra
m Files (x86)/MiKTeX 2.9/fonts/type1/public/amsfonts/cm/cmr9.pfb><C:/Program Fi
les (x86)/MiKTeX 2.9/fonts/type1/public/amsfonts/cm/cmti10.pfb><C:/Program File
s (x86)/MiKTeX 2.9/fonts/type1/public/amsfonts/cm/cmtt10.pfb>
Output written on dissertation.tex.backup.pdf (31 pages, 582125 bytes).
PDF statistics:
 409 PDF objects out of 1000 (max. 8388607)
 103 named destinations out of 1000 (max. 500000)
 303 words of extra memory for PDF output out of 10000 (max. 10000000)

