\BOOKMARK [0][-]{chapter.1}{A Lightweight System for Just-In-Time Aggregation of Machine Generated Data in a Distributed Network}{}% 1
\BOOKMARK [1][-]{section.1.1}{Introduction}{chapter.1}% 2
\BOOKMARK [1][-]{section.1.2}{Background and related work}{chapter.1}% 3
\BOOKMARK [2][-]{subsection.1.2.1}{Distributed Data Collection methods}{section.1.2}% 4
\BOOKMARK [2][-]{subsection.1.2.2}{Active Analysis \(Push\)}{section.1.2}% 5
\BOOKMARK [2][-]{subsection.1.2.3}{Passive Analysis \(Pull\)}{section.1.2}% 6
\BOOKMARK [2][-]{subsection.1.2.4}{Machine Generated Data}{section.1.2}% 7
\BOOKMARK [2][-]{subsection.1.2.5}{Available Data Collection and Aggregation Systems}{section.1.2}% 8
\BOOKMARK [1][-]{section.1.3}{Problem Description}{chapter.1}% 9
\BOOKMARK [2][-]{subsection.1.3.1}{IT Crisis Management}{section.1.3}% 10
\BOOKMARK [2][-]{subsection.1.3.2}{Proposed Solution}{section.1.3}% 11
\BOOKMARK [1][-]{section.1.4}{Passive MGD Collector Design}{chapter.1}% 12
\BOOKMARK [2][-]{subsection.1.4.1}{General Architecture and Problem Domain Model}{section.1.4}% 13
\BOOKMARK [2][-]{subsection.1.4.2}{Data Siphon Server Component}{section.1.4}% 14
\BOOKMARK [2][-]{subsection.1.4.3}{Data Siphon Server Data Model}{section.1.4}% 15
\BOOKMARK [1][-]{section.1.5}{Experimental Testbed}{chapter.1}% 16
\BOOKMARK [2][-]{subsection.1.5.1}{Simulation Environments}{section.1.5}% 17
\BOOKMARK [2][-]{subsection.1.5.2}{Simulation Approach and Setup}{section.1.5}% 18
\BOOKMARK [2][-]{subsection.1.5.3}{Running the simulation}{section.1.5}% 19
\BOOKMARK [1][-]{section.1.6}{Results and Analysis}{chapter.1}% 20
\BOOKMARK [2][-]{subsection.1.6.1}{Warmup}{section.1.6}% 21
\BOOKMARK [2][-]{subsection.1.6.2}{Test 1 - 10 Servers}{section.1.6}% 22
\BOOKMARK [2][-]{subsection.1.6.3}{Test 2 - 20 Servers and 98 Servers}{section.1.6}% 23
\BOOKMARK [2][-]{subsection.1.6.4}{Test 3 - 100 Servers, Upgraded Elastic Search}{section.1.6}% 24
\BOOKMARK [2][-]{subsection.1.6.5}{Test 4 - 98 Servers, Upgraded Ocelli Server}{section.1.6}% 25
\BOOKMARK [1][-]{section.1.7}{Summary and Conclusions}{chapter.1}% 26
\BOOKMARK [1][-]{section.1.8}{Nomenclature}{chapter.1}% 27
