This is pdfTeX, Version 3.1415926-2.5-1.40.14 (MiKTeX 2.9) (preloaded format=pdflatex 2014.7.27)  31 AUG 2014 19:23
entering extended mode
**E:/DropBox/Dropbox/mick/masters/github/dissertation/documents/final-paper/dis
sertation.tex

(E:/DropBox/Dropbox/mick/masters/github/dissertation/documents/final-paper/diss
ertation.tex
LaTeX2e <2014/05/01>
Babel <3.9k> and hyphenation patterns for 68 languages loaded.

(E:\DropBox\Dropbox\mick\masters\github\dissertation\documents\final-paper\llnc
s.cls
Document Class: llncs 2013/09/27 v2.18 
 LaTeX document class for Lecture Notes in Computer Science
("C:\Program Files (x86)\MiKTeX 2.9\tex\latex\base\article.cls"
Document Class: article 2007/10/19 v1.4h Standard LaTeX document class
("C:\Program Files (x86)\MiKTeX 2.9\tex\latex\base\size10.clo"
File: size10.clo 2007/10/19 v1.4h Standard LaTeX file (size option)
)
\c@part=\count79
\c@section=\count80
\c@subsection=\count81
\c@subsubsection=\count82
\c@paragraph=\count83
\c@subparagraph=\count84
\c@figure=\count85
\c@table=\count86
\abovecaptionskip=\skip41
\belowcaptionskip=\skip42
\bibindent=\dimen102
)
("C:\Program Files (x86)\MiKTeX 2.9\tex\latex\tools\multicol.sty"
Package: multicol 2014/06/19 v1.8f multicolumn formatting (FMi)
\c@tracingmulticols=\count87
\mult@box=\box26
\multicol@leftmargin=\dimen103
\c@unbalance=\count88
\c@collectmore=\count89
\doublecol@number=\count90
\multicoltolerance=\count91
\multicolpretolerance=\count92
\full@width=\dimen104
\page@free=\dimen105
\premulticols=\dimen106
\postmulticols=\dimen107
\multicolsep=\skip43
\multicolbaselineskip=\skip44
\partial@page=\box27
\last@line=\box28
\maxbalancingoverflow=\dimen108
\mult@rightbox=\box29
\mult@grightbox=\box30
\mult@gfirstbox=\box31
\mult@firstbox=\box32
\@tempa=\box33
\@tempa=\box34
\@tempa=\box35
\@tempa=\box36
\@tempa=\box37
\@tempa=\box38
\@tempa=\box39
\@tempa=\box40
\@tempa=\box41
\@tempa=\box42
\@tempa=\box43
\@tempa=\box44
\@tempa=\box45
\@tempa=\box46
\@tempa=\box47
\@tempa=\box48
\@tempa=\box49
\c@columnbadness=\count93
\c@finalcolumnbadness=\count94
\last@try=\dimen109
\multicolovershoot=\dimen110
\multicolundershoot=\dimen111
\mult@nat@firstbox=\box50
\colbreak@box=\box51
\mc@col@check@num=\count95
)
(E:\DropBox\Dropbox\mick\masters\github\dissertation\documents\final-paper\alia
scnt.sty
Package: aliascnt 2009/09/08 v1.3 Alias counter (HO)

(E:\DropBox\Dropbox\mick\masters\github\dissertation\documents\final-paper\remr
eset.sty))
\c@chapter=\count96
LaTeX Font Info:    Redeclaring math symbol \Gamma on input line 362.
LaTeX Font Info:    Redeclaring math symbol \Delta on input line 363.
LaTeX Font Info:    Redeclaring math symbol \Theta on input line 364.
LaTeX Font Info:    Redeclaring math symbol \Lambda on input line 365.
LaTeX Font Info:    Redeclaring math symbol \Xi on input line 366.
LaTeX Font Info:    Redeclaring math symbol \Pi on input line 367.
LaTeX Font Info:    Redeclaring math symbol \Sigma on input line 368.
LaTeX Font Info:    Redeclaring math symbol \Upsilon on input line 369.
LaTeX Font Info:    Redeclaring math symbol \Phi on input line 370.
LaTeX Font Info:    Redeclaring math symbol \Psi on input line 371.
LaTeX Font Info:    Redeclaring math symbol \Omega on input line 372.
\tocchpnum=\dimen112
\tocsecnum=\dimen113
\tocsectotal=\dimen114
\tocsubsecnum=\dimen115
\tocsubsectotal=\dimen116
\tocsubsubsecnum=\dimen117
\tocsubsubsectotal=\dimen118
\tocparanum=\dimen119
\tocparatotal=\dimen120
\tocsubparanum=\dimen121
\@tempcntc=\count97
\fnindent=\dimen122
\c@@inst=\count98
\c@@auth=\count99
\c@auco=\count100
\instindent=\dimen123
\authrun=\box52
\authorrunning=\toks14
\tocauthor=\toks15
\titrun=\box53
\titlerunning=\toks16
\toctitle=\toks17
\c@theorem=\count101
\c@case=\count102
\c@conjecture=\count103
\c@corollary=\count104
\c@definition=\count105
\c@example=\count106
\c@exercise=\count107
\c@lemma=\count108
\c@note=\count109
\c@problem=\count110
\c@property=\count111
\c@proposition=\count112
\c@question=\count113
\c@solution=\count114
\c@remark=\count115
\headlineindent=\dimen124
)
(E:\DropBox\Dropbox\mick\masters\github\dissertation\documents\final-paper\llnc
sdoc.sty) ("C:\Program Files (x86)\MiKTeX 2.9\tex\latex\hyperref\hyperref.sty"
Package: hyperref 2012/11/06 v6.83m Hypertext links for LaTeX

("C:\Program Files (x86)\MiKTeX 2.9\tex\generic\oberdiek\hobsub-hyperref.sty"
Package: hobsub-hyperref 2012/04/25 v1.12 Bundle oberdiek, subset hyperref (HO)


("C:\Program Files (x86)\MiKTeX 2.9\tex\generic\oberdiek\hobsub-generic.sty"
Package: hobsub-generic 2012/04/25 v1.12 Bundle oberdiek, subset generic (HO)
Package: hobsub 2012/04/25 v1.12 Construct package bundles (HO)
Package: infwarerr 2010/04/08 v1.3 Providing info/warning/error messages (HO)
Package: ltxcmds 2011/11/09 v1.22 LaTeX kernel commands for general use (HO)
Package: ifluatex 2010/03/01 v1.3 Provides the ifluatex switch (HO)
Package ifluatex Info: LuaTeX not detected.
Package: ifvtex 2010/03/01 v1.5 Detect VTeX and its facilities (HO)
Package ifvtex Info: VTeX not detected.
Package: intcalc 2007/09/27 v1.1 Expandable calculations with integers (HO)
Package: ifpdf 2011/01/30 v2.3 Provides the ifpdf switch (HO)
Package ifpdf Info: pdfTeX in PDF mode is detected.
Package: etexcmds 2011/02/16 v1.5 Avoid name clashes with e-TeX commands (HO)
Package etexcmds Info: Could not find \expanded.
(etexcmds)             That can mean that you are not using pdfTeX 1.50 or
(etexcmds)             that some package has redefined \expanded.
(etexcmds)             In the latter case, load this package earlier.
Package: kvsetkeys 2012/04/25 v1.16 Key value parser (HO)
Package: kvdefinekeys 2011/04/07 v1.3 Define keys (HO)
Package: pdftexcmds 2011/11/29 v0.20 Utility functions of pdfTeX for LuaTeX (HO
)
Package pdftexcmds Info: LuaTeX not detected.
Package pdftexcmds Info: \pdf@primitive is available.
Package pdftexcmds Info: \pdf@ifprimitive is available.
Package pdftexcmds Info: \pdfdraftmode found.
Package: pdfescape 2011/11/25 v1.13 Implements pdfTeX's escape features (HO)
Package: bigintcalc 2012/04/08 v1.3 Expandable calculations on big integers (HO
)
Package: bitset 2011/01/30 v1.1 Handle bit-vector datatype (HO)
Package: uniquecounter 2011/01/30 v1.2 Provide unlimited unique counter (HO)
)
Package hobsub Info: Skipping package `hobsub' (already loaded).
Package: letltxmacro 2010/09/02 v1.4 Let assignment for LaTeX macros (HO)
Package: hopatch 2011/06/24 v1.1 Wrapper for package hooks (HO)
Package: xcolor-patch 2011/01/30 xcolor patch
Package: atveryend 2011/06/30 v1.8 Hooks at the very end of document (HO)
Package atveryend Info: \enddocument detected (standard20110627).
Package: atbegshi 2011/10/05 v1.16 At begin shipout hook (HO)
Package: refcount 2011/10/16 v3.4 Data extraction from label references (HO)
Package: hycolor 2011/01/30 v1.7 Color options for hyperref/bookmark (HO)
)
("C:\Program Files (x86)\MiKTeX 2.9\tex\latex\graphics\keyval.sty"
Package: keyval 2014/05/08 v1.15 key=value parser (DPC)
\KV@toks@=\toks18
)
("C:\Program Files (x86)\MiKTeX 2.9\tex\generic\ifxetex\ifxetex.sty"
Package: ifxetex 2010/09/12 v0.6 Provides ifxetex conditional
)
("C:\Program Files (x86)\MiKTeX 2.9\tex\latex\oberdiek\auxhook.sty"
Package: auxhook 2011/03/04 v1.3 Hooks for auxiliary files (HO)
)
("C:\Program Files (x86)\MiKTeX 2.9\tex\latex\oberdiek\kvoptions.sty"
Package: kvoptions 2011/06/30 v3.11 Key value format for package options (HO)
)
\@linkdim=\dimen125
\Hy@linkcounter=\count116
\Hy@pagecounter=\count117

("C:\Program Files (x86)\MiKTeX 2.9\tex\latex\hyperref\pd1enc.def"
File: pd1enc.def 2012/11/06 v6.83m Hyperref: PDFDocEncoding definition (HO)
)
\Hy@SavedSpaceFactor=\count118

("C:\Program Files (x86)\MiKTeX 2.9\tex\latex\00miktex\hyperref.cfg"
File: hyperref.cfg 2002/06/06 v1.2 hyperref configuration of TeXLive
)
Package hyperref Info: Hyper figures OFF on input line 4443.
Package hyperref Info: Link nesting OFF on input line 4448.
Package hyperref Info: Hyper index ON on input line 4451.
Package hyperref Info: Plain pages OFF on input line 4458.
Package hyperref Info: Backreferencing OFF on input line 4463.
Package hyperref Info: Implicit mode ON; LaTeX internals redefined.
Package hyperref Info: Bookmarks ON on input line 4688.
\c@Hy@tempcnt=\count119

("C:\Program Files (x86)\MiKTeX 2.9\tex\latex\url\url.sty"
\Urlmuskip=\muskip10
Package: url 2013/09/16  ver 3.4  Verb mode for urls, etc.
)
LaTeX Info: Redefining \url on input line 5041.
\XeTeXLinkMargin=\dimen126
\Fld@menulength=\count120
\Field@Width=\dimen127
\Fld@charsize=\dimen128
Package hyperref Info: Hyper figures OFF on input line 6295.
Package hyperref Info: Link nesting OFF on input line 6300.
Package hyperref Info: Hyper index ON on input line 6303.
Package hyperref Info: backreferencing OFF on input line 6310.
Package hyperref Info: Link coloring OFF on input line 6315.
Package hyperref Info: Link coloring with OCG OFF on input line 6320.
Package hyperref Info: PDF/A mode OFF on input line 6325.
LaTeX Info: Redefining \ref on input line 6365.
LaTeX Info: Redefining \pageref on input line 6369.
\Hy@abspage=\count121
\c@Item=\count122
\c@Hfootnote=\count123
)

Package hyperref Message: Driver (autodetected): hpdftex.

("C:\Program Files (x86)\MiKTeX 2.9\tex\latex\hyperref\hpdftex.def"
File: hpdftex.def 2012/11/06 v6.83m Hyperref driver for pdfTeX
\Fld@listcount=\count124
\c@bookmark@seq@number=\count125

("C:\Program Files (x86)\MiKTeX 2.9\tex\latex\oberdiek\rerunfilecheck.sty"
Package: rerunfilecheck 2011/04/15 v1.7 Rerun checks for auxiliary files (HO)
Package uniquecounter Info: New unique counter `rerunfilecheck' on input line 2
82.
)
\Hy@SectionHShift=\skip45
)
("C:\Program Files (x86)\MiKTeX 2.9\tex\latex\graphics\graphicx.sty"
Package: graphicx 2014/04/25 v1.0g Enhanced LaTeX Graphics (DPC,SPQR)

("C:\Program Files (x86)\MiKTeX 2.9\tex\latex\graphics\graphics.sty"
Package: graphics 2009/02/05 v1.0o Standard LaTeX Graphics (DPC,SPQR)

("C:\Program Files (x86)\MiKTeX 2.9\tex\latex\graphics\trig.sty"
Package: trig 1999/03/16 v1.09 sin cos tan (DPC)
)
("C:\Program Files (x86)\MiKTeX 2.9\tex\latex\00miktex\graphics.cfg"
File: graphics.cfg 2007/01/18 v1.5 graphics configuration of teTeX/TeXLive
)
Package graphics Info: Driver file: pdftex.def on input line 91.

("C:\Program Files (x86)\MiKTeX 2.9\tex\latex\pdftex-def\pdftex.def"
File: pdftex.def 2011/05/27 v0.06d Graphics/color for pdfTeX
\Gread@gobject=\count126
))
\Gin@req@height=\dimen129
\Gin@req@width=\dimen130
)
("C:\Program Files (x86)\MiKTeX 2.9\tex\latex\amsmath\amsmath.sty"
Package: amsmath 2013/01/14 v2.14 AMS math features
\@mathmargin=\skip46

For additional information on amsmath, use the `?' option.
("C:\Program Files (x86)\MiKTeX 2.9\tex\latex\amsmath\amstext.sty"
Package: amstext 2000/06/29 v2.01

("C:\Program Files (x86)\MiKTeX 2.9\tex\latex\amsmath\amsgen.sty"
File: amsgen.sty 1999/11/30 v2.0
\@emptytoks=\toks19
\ex@=\dimen131
))
("C:\Program Files (x86)\MiKTeX 2.9\tex\latex\amsmath\amsbsy.sty"
Package: amsbsy 1999/11/29 v1.2d
\pmbraise@=\dimen132
)
("C:\Program Files (x86)\MiKTeX 2.9\tex\latex\amsmath\amsopn.sty"
Package: amsopn 1999/12/14 v2.01 operator names
)
\inf@bad=\count127
LaTeX Info: Redefining \frac on input line 210.
\uproot@=\count128
\leftroot@=\count129
LaTeX Info: Redefining \overline on input line 306.
\classnum@=\count130
\DOTSCASE@=\count131
LaTeX Info: Redefining \ldots on input line 378.
LaTeX Info: Redefining \dots on input line 381.
LaTeX Info: Redefining \cdots on input line 466.
\Mathstrutbox@=\box54
\strutbox@=\box55
\big@size=\dimen133
LaTeX Font Info:    Redeclaring font encoding OML on input line 566.
LaTeX Font Info:    Redeclaring font encoding OMS on input line 567.


Package amsmath Warning: Unable to redefine math accent \vec.

\macc@depth=\count132
\c@MaxMatrixCols=\count133
\dotsspace@=\muskip11
\c@parentequation=\count134
\dspbrk@lvl=\count135
\tag@help=\toks20
\row@=\count136
\column@=\count137
\maxfields@=\count138
\andhelp@=\toks21
\eqnshift@=\dimen134
\alignsep@=\dimen135
\tagshift@=\dimen136
\tagwidth@=\dimen137
\totwidth@=\dimen138
\lineht@=\dimen139
\@envbody=\toks22
\multlinegap=\skip47
\multlinetaggap=\skip48
\mathdisplay@stack=\toks23
LaTeX Info: Redefining \[ on input line 2665.
LaTeX Info: Redefining \] on input line 2666.
) ("C:\Program Files (x86)\MiKTeX 2.9\tex\latex\base\fixltx2e.sty"
Package: fixltx2e 2014/06/10 v1.1r fixes to LaTeX
LaTeX Info: Redefining \em on input line 430.
LaTeX Info: The control sequence `\[' is already robust on input line 481.
LaTeX Info: The control sequence `\]' is already robust on input line 482.
)
(E:\DropBox\Dropbox\mick\masters\github\dissertation\documents\final-paper\diss
ertation.aux

LaTeX Warning: Label `fig:ocelli_dm' multiply defined.


LaTeX Warning: Label `fig:ocelli_dm' multiply defined.


LaTeX Warning: Label `fig:ocelli_dm' multiply defined.


LaTeX Warning: Label `fig:ocelli_dm' multiply defined.


LaTeX Warning: Label `fig:ocelli_dm' multiply defined.


LaTeX Warning: Label `fig:ocelli_dm' multiply defined.


LaTeX Warning: Label `fig:ocelli_dm' multiply defined.


LaTeX Warning: Label `fig:ocelli_dm' multiply defined.


LaTeX Warning: Label `fig:ocelli_dm' multiply defined.


LaTeX Warning: Label `fig:ocelli_dm' multiply defined.


LaTeX Warning: Label `bib:one_book' multiply defined.


LaTeX Warning: Label `bib:one_book' multiply defined.


LaTeX Warning: Label `bib:one_book' multiply defined.


LaTeX Warning: Label `bib:one_book' multiply defined.


LaTeX Warning: Label `bib:one_book' multiply defined.


LaTeX Warning: Label `bib:one_book' multiply defined.


LaTeX Warning: Label `bib:one_book' multiply defined.


LaTeX Warning: Label `bib:one_book' multiply defined.


LaTeX Warning: Label `bib:one_book' multiply defined.


LaTeX Warning: Label `bib:one_book' multiply defined.


LaTeX Warning: Label `bib:one_book' multiply defined.


LaTeX Warning: Label `bib:one_book' multiply defined.


LaTeX Warning: Label `bib:one_book' multiply defined.


LaTeX Warning: Label `bib:one_book' multiply defined.


LaTeX Warning: Label `bib:one_book' multiply defined.


LaTeX Warning: Label `bib:one_book' multiply defined.


LaTeX Warning: Label `bib:one_book' multiply defined.


LaTeX Warning: Label `bib:one_book' multiply defined.


LaTeX Warning: Label `bib:one_book' multiply defined.


LaTeX Warning: Label `bib:one_book' multiply defined.


LaTeX Warning: Label `bib:one_book' multiply defined.


LaTeX Warning: Label `bib:one_book' multiply defined.


LaTeX Warning: Label `bib:one_book' multiply defined.


LaTeX Warning: Label `bib:one_book' multiply defined.


LaTeX Warning: Label `bib:one_book' multiply defined.


LaTeX Warning: Label `bib:one_book' multiply defined.

)
LaTeX Font Info:    Checking defaults for OML/cmm/m/it on input line 11.
LaTeX Font Info:    ... okay on input line 11.
LaTeX Font Info:    Checking defaults for T1/cmr/m/n on input line 11.
LaTeX Font Info:    ... okay on input line 11.
LaTeX Font Info:    Checking defaults for OT1/cmr/m/n on input line 11.
LaTeX Font Info:    ... okay on input line 11.
LaTeX Font Info:    Checking defaults for OMS/cmsy/m/n on input line 11.
LaTeX Font Info:    ... okay on input line 11.
LaTeX Font Info:    Checking defaults for OMX/cmex/m/n on input line 11.
LaTeX Font Info:    ... okay on input line 11.
LaTeX Font Info:    Checking defaults for U/cmr/m/n on input line 11.
LaTeX Font Info:    ... okay on input line 11.
LaTeX Font Info:    Checking defaults for PD1/pdf/m/n on input line 11.
LaTeX Font Info:    ... okay on input line 11.
\AtBeginShipoutBox=\box56
Package hyperref Info: Link coloring OFF on input line 11.
 ("C:\Program Files (x86)\MiKTeX 2.9\tex\latex\hyperref\nameref.sty"
Package: nameref 2012/10/27 v2.43 Cross-referencing by name of section

("C:\Program Files (x86)\MiKTeX 2.9\tex\generic\oberdiek\gettitlestring.sty"
Package: gettitlestring 2010/12/03 v1.4 Cleanup title references (HO)
)
\c@section@level=\count139
)
LaTeX Info: Redefining \ref on input line 11.
LaTeX Info: Redefining \pageref on input line 11.
LaTeX Info: Redefining \nameref on input line 11.

(E:\DropBox\Dropbox\mick\masters\github\dissertation\documents\final-paper\diss
ertation.out)
(E:\DropBox\Dropbox\mick\masters\github\dissertation\documents\final-paper\diss
ertation.out)
\@outlinefile=\write3
 ("C:\Program Files (x86)\MiKTeX 2.9\tex\context\base\supp-pdf.mkii"
[Loading MPS to PDF converter (version 2006.09.02).]
\scratchcounter=\count140
\scratchdimen=\dimen140
\scratchbox=\box57
\nofMPsegments=\count141
\nofMParguments=\count142
\everyMPshowfont=\toks24
\MPscratchCnt=\count143
\MPscratchDim=\dimen141
\MPnumerator=\count144
\makeMPintoPDFobject=\count145
\everyMPtoPDFconversion=\toks25
)
(E:\DropBox\Dropbox\mick\masters\github\dissertation\documents\final-paper\diss
ertation.toc)
\tf@toc=\write4
 [1


{C:/ProgramData/MiKTeX/2.9/pdftex/config/pdftex.map}] [2]
Missing character: There is no ‚ in font cmr10!
Missing character: There is no Ä in font cmr10!
Missing character: There is no ú in font cmr10!
Missing character: There is no ‚ in font cmr10!
Missing character: There is no Ä in font cmr10!
Missing character: There is no ù in font cmr10!
Missing character: There is no ‚ in font cmr10!
Missing character: There is no Ä in font cmr10!
Missing character: There is no ì in font cmr10!

[3]
Missing character: There is no ‚ in font cmr10!
Missing character: There is no Ä in font cmr10!
Missing character: There is no ô in font cmr10!
Missing character: There is no ‚ in font cmr10!
Missing character: There is no Ä in font cmr10!
Missing character: There is no ú in font cmr10!
Missing character: There is no ‚ in font cmr10!
Missing character: There is no Ä in font cmr10!
Missing character: There is no ù in font cmr10!
Missing character: There is no ‚ in font cmr10!
Missing character: There is no Ä in font cmr10!
Missing character: There is no ú in font cmr10!
Missing character: There is no ‚ in font cmr10!
Missing character: There is no Ä in font cmr10!
Missing character: There is no ù in font cmr10!
 [4]
Missing character: There is no ‚ in font cmr10!
Missing character: There is no Ä in font cmr10!
Missing character: There is no ú in font cmr10!
Missing character: There is no ‚ in font cmr10!
Missing character: There is no Ä in font cmr10!
Missing character: There is no ù in font cmr10!
Missing character: There is no ‚ in font cmr10!
Missing character: There is no Ä in font cmr10!
Missing character: There is no ô in font cmr10!
Missing character: There is no ‚ in font cmr10!
Missing character: There is no Ä in font cmr10!
Missing character: There is no ô in font cmr10!
Missing character: There is no ‚ in font cmr10!
Missing character: There is no Ä in font cmr10!
Missing character: There is no ò in font cmr10!
Missing character: There is no ‚ in font cmr10!
Missing character: There is no Ä in font cmr10!
Missing character: There is no ô in font cmr10!
Missing character: There is no ‚ in font cmr10!
Missing character: There is no Ä in font cmr10!
Missing character: There is no ô in font cmr10!
Missing character: There is no ‚ in font cmr10!
Missing character: There is no Ä in font cmr10!
Missing character: There is no ò in font cmr10!
Missing character: There is no ‚ in font cmr10!
Missing character: There is no Ä in font cmr10!
Missing character: There is no ô in font cmr10!
Missing character: There is no ‚ in font cmr10!
Missing character: There is no Ä in font cmr10!
Missing character: There is no ò in font cmr10!
Missing character: There is no ‚ in font cmr10!
Missing character: There is no Ä in font cmr10!
Missing character: There is no ô in font cmr10!
Missing character: There is no ‚ in font cmr10!
Missing character: There is no Ä in font cmr10!
Missing character: There is no ò in font cmr10!
Missing character: There is no ‚ in font cmr10!
Missing character: There is no Ä in font cmr10!
Missing character: There is no ô in font cmr10!
Missing character: There is no ‚ in font cmr10!
Missing character: There is no Ä in font cmr10!
Missing character: There is no ò in font cmr10!
Missing character: There is no ‚ in font cmr10!
Missing character: There is no Ä in font cmr10!
Missing character: There is no ô in font cmr10!
Missing character: There is no ‚ in font cmr10!
Missing character: There is no Ä in font cmr10!
Missing character: There is no ò in font cmr10!
Missing character: There is no ‚ in font cmr10!
Missing character: There is no Ä in font cmr10!
Missing character: There is no ô in font cmr10!
Missing character: There is no ‚ in font cmr10!
Missing character: There is no Ä in font cmr10!
Missing character: There is no ò in font cmr10!
Missing character: There is no ‚ in font cmr10!
Missing character: There is no Ä in font cmr10!
Missing character: There is no ô in font cmr10!
Missing character: There is no ‚ in font cmr10!
Missing character: There is no Ä in font cmr10!
Missing character: There is no ò in font cmr10!
Missing character: There is no ‚ in font cmr10!
Missing character: There is no Ä in font cmr10!
Missing character: There is no ô in font cmr10!
Missing character: There is no ‚ in font cmr10!
Missing character: There is no Ä in font cmr10!
Missing character: There is no ò in font cmr10!
Missing character: There is no ‚ in font cmr10!
Missing character: There is no Ä in font cmr10!
Missing character: There is no ô in font cmr10!
Missing character: There is no ‚ in font cmr10!
Missing character: There is no Ä in font cmr10!
Missing character: There is no ô in font cmr10!
 [5]
Missing character: There is no ‚ in font cmr10!
Missing character: There is no Ä in font cmr10!
Missing character: There is no ò in font cmr10!
Missing character: There is no ‚ in font cmr10!
Missing character: There is no Ä in font cmr10!
Missing character: There is no ô in font cmr10!
Missing character: There is no ‚ in font cmr10!
Missing character: There is no Ä in font cmr10!
Missing character: There is no ò in font cmr10!
Missing character: There is no ‚ in font cmr10!
Missing character: There is no Ä in font cmr10!
Missing character: There is no ô in font cmr10!
Missing character: There is no ‚ in font cmr10!
Missing character: There is no Ä in font cmr10!
Missing character: There is no ò in font cmr10!
Missing character: There is no ‚ in font cmr10!
Missing character: There is no Ä in font cmr10!
Missing character: There is no ô in font cmr10!
Missing character: There is no ‚ in font cmr10!
Missing character: There is no Ä in font cmr10!
Missing character: There is no ò in font cmr10!
Missing character: There is no ‚ in font cmr10!
Missing character: There is no Ä in font cmr10!
Missing character: There is no ô in font cmr10!
Missing character: There is no ‚ in font cmr10!
Missing character: There is no Ä in font cmr10!
Missing character: There is no ô in font cmr10!
Missing character: There is no ‚ in font cmr10!
Missing character: There is no Ä in font cmr10!
Missing character: There is no ò in font cmr10!
Missing character: There is no ‚ in font cmr10!
Missing character: There is no Ä in font cmr10!
Missing character: There is no ô in font cmr10!
Missing character: There is no ‚ in font cmr10!
Missing character: There is no Ä in font cmr10!
Missing character: There is no ò in font cmr10!
Missing character: There is no ‚ in font cmr10!
Missing character: There is no Ä in font cmr10!
Missing character: There is no ô in font cmr10!
Missing character: There is no ‚ in font cmr10!
Missing character: There is no Ä in font cmr10!
Missing character: There is no ò in font cmr10!
Missing character: There is no ‚ in font cmr10!
Missing character: There is no Ä in font cmr10!
Missing character: There is no ô in font cmr10!
Missing character: There is no ‚ in font cmr10!
Missing character: There is no Ä in font cmr10!
Missing character: There is no ò in font cmr10!
Missing character: There is no ‚ in font cmr10!
Missing character: There is no Ä in font cmr10!
Missing character: There is no ô in font cmr10!
Missing character: There is no ‚ in font cmr10!
Missing character: There is no Ä in font cmr10!
Missing character: There is no ò in font cmr10!
Missing character: There is no ‚ in font cmr10!
Missing character: There is no Ä in font cmr10!
Missing character: There is no ô in font cmr10!
Missing character: There is no ‚ in font cmr10!
Missing character: There is no Ä in font cmr10!
Missing character: There is no ô in font cmr10!
Missing character: There is no ‚ in font cmr10!
Missing character: There is no Ä in font cmr10!
Missing character: There is no ô in font cmr10!
Missing character: There is no ‚ in font cmr10!
Missing character: There is no Ä in font cmr10!
Missing character: There is no ò in font cmr10!
Missing character: There is no ‚ in font cmr10!
Missing character: There is no Ä in font cmr10!
Missing character: There is no ô in font cmr10!
 [6] [7] [8]
Missing character: There is no ‚ in font cmr10!
Missing character: There is no Ä in font cmr10!
Missing character: There is no ò in font cmr10!
Missing character: There is no ‚ in font cmr10!
Missing character: There is no Ä in font cmr10!
Missing character: There is no ô in font cmr10!
Missing character: There is no ‚ in font cmr10!
Missing character: There is no Ä in font cmr10!
Missing character: There is no ì in font cmr10!
Missing character: There is no ‚ in font cmr10!
Missing character: There is no Ä in font cmr10!
Missing character: There is no ì in font cmr10!
Missing character: There is no ‚ in font cmr10!
Missing character: There is no Ä in font cmr10!
Missing character: There is no ò in font cmr10!
Missing character: There is no ‚ in font cmr10!
Missing character: There is no Ä in font cmr10!
Missing character: There is no ô in font cmr10!
Missing character: There is no ‚ in font cmr10!
Missing character: There is no Ä in font cmr10!
Missing character: There is no ò in font cmr10!
Missing character: There is no ‚ in font cmr10!
Missing character: There is no Ä in font cmr10!
Missing character: There is no ô in font cmr10!
Missing character: There is no ‚ in font cmr10!
Missing character: There is no Ä in font cmr10!
Missing character: There is no ô in font cmr10!
 [9] [10]
Overfull \hbox (51.16313pt too wide) in paragraph at lines 253--261
[]  
 []


Overfull \hbox (35.49713pt too wide) in paragraph at lines 266--275
[]  
 []

[11]
Missing character: There is no ‚ in font cmr10!
Missing character: There is no Ä in font cmr10!
Missing character: There is no É in font cmr10!
 [12] [13] <ocelli.png, id=249, 991.705pt x 1266.7325pt>
File: ocelli.png Graphic file (type png)
 <use ocelli.png>
Package pdftex.def Info: ocelli.png used on input line 370.
(pdftex.def)             Requested size: 446.26314pt x 570.02437pt.

Overfull \hbox (99.1396pt too wide) in paragraph at lines 370--371
 [][] 
 []


LaTeX Warning: Float too large for page by 43.6361pt on input line 373.


Overfull \hbox (35.96048pt too wide) in paragraph at lines 401--402
[]\OT1/cmr/m/n/10 Specifications for the t2.micro are listed be-low [http://aws
.amazon.com/ec2/instance-
 []

[14] [15 <E:/DropBox/Dropbox/mick/masters/github/dissertation/documents/final-p
aper/ocelli.png>] [16] <app1.png, id=269, 748.29562pt x 487.8225pt>
File: app1.png Graphic file (type png)

<use app1.png>
Package pdftex.def Info: app1.png used on input line 474.
(pdftex.def)             Requested size: 374.1469pt x 243.91064pt.

Underfull \hbox (badness 10000) in paragraph at lines 473--475

 []


Overfull \hbox (27.02336pt too wide) in paragraph at lines 473--475
[] 
 []


Underfull \hbox (badness 10000) in paragraph at lines 473--475

 []


Underfull \hbox (badness 10000) in paragraph at lines 473--475

 []


Underfull \hbox (badness 10000) in paragraph at lines 476--477

 []


Underfull \hbox (badness 10000) in paragraph at lines 476--477

 []

[17 <E:/DropBox/Dropbox/mick/masters/github/dissertation/documents/final-paper/
app1.png>] <app2.png, id=276, 747.54282pt x 486.31688pt>
File: app2.png Graphic file (type png)
 <use app2.png>
Package pdftex.def Info: app2.png used on input line 486.
(pdftex.def)             Requested size: 373.7705pt x 243.15784pt.

<app3.png, id=277, 563.85657pt x 99.37125pt>
File: app3.png Graphic file (type png)
 <use app3.png>
Package pdftex.def Info: app3.png used on input line 488.
(pdftex.def)             Requested size: 422.89139pt x 74.52824pt.

Overfull \hbox (41.64696pt too wide) in paragraph at lines 486--494
[][] 
 []


Underfull \hbox (badness 10000) in paragraph at lines 486--494

 []


Underfull \hbox (badness 10000) in paragraph at lines 486--494

 []


Overfull \hbox (75.76785pt too wide) in paragraph at lines 486--494
[] 
 []


Underfull \hbox (badness 10000) in paragraph at lines 486--494

 []


Underfull \hbox (badness 10000) in paragraph at lines 486--494

 []

[18 <E:/DropBox/Dropbox/mick/masters/github/dissertation/documents/final-paper/
app2.png> <E:/DropBox/Dropbox/mick/masters/github/dissertation/documents/final-
paper/app3.png>]
Underfull \vbox (badness 10000) has occurred while \output is active []

 [19]
<app4.png, id=287, 604.50844pt x 463.7325pt>
File: app4.png Graphic file (type png)
 <use app4.png>
Package pdftex.def Info: app4.png used on input line 500.
(pdftex.def)             Requested size: 423.15302pt x 324.61052pt.

Overfull \hbox (76.02948pt too wide) in paragraph at lines 500--501
 [][] 
 []


Overfull \hbox (41.89377pt too wide) in paragraph at lines 508--526
[]  
 []


Underfull \vbox (badness 2744) has occurred while \output is active []

 [20 <E:/DropBox/Dropbox/mick/masters/github/dissertation/documents/final-paper
/app4.png>]
<app6.png, id=293, 601.4972pt x 463.7325pt>
File: app6.png Graphic file (type png)
 <use app6.png>
Package pdftex.def Info: app6.png used on input line 534.
(pdftex.def)             Requested size: 421.04517pt x 324.61052pt.

Overfull \hbox (73.92163pt too wide) in paragraph at lines 534--535
 [][] 
 []


LaTeX Warning: `h' float specifier changed to `ht'.


Overfull \hbox (41.89377pt too wide) in paragraph at lines 547--567
[]  
 []

[21] [22 <E:/DropBox/Dropbox/mick/masters/github/dissertation/documents/final-p
aper/app6.png>] <app7.png, id=303, 603.75563pt x 301.125pt>
File: app7.png Graphic file (type png)
 <use app7.png>
Package pdftex.def Info: app7.png used on input line 579.
(pdftex.def)             Requested size: 422.62605pt x 210.78606pt.

Overfull \hbox (75.50252pt too wide) in paragraph at lines 579--580
 [][] 
 []

<app8.png, id=304, 438.8897pt x 142.28156pt>
File: app8.png Graphic file (type png)
 <use app8.png>
Package pdftex.def Info: app8.png used on input line 586.
(pdftex.def)             Requested size: 307.22069pt x 99.5964pt.

Overfull \hbox (41.89377pt too wide) in paragraph at lines 592--612
[]  
 []


Underfull \vbox (badness 10000) has occurred while \output is active []

 [23 <E:/DropBox/Dropbox/mick/masters/github/dissertation/documents/final-paper
/app7.png> <E:/DropBox/Dropbox/mick/masters/github/dissertation/documents/final
-paper/app8.png>]
Underfull \vbox (badness 10000) has occurred while \output is active []

 [24]
<app9.png, id=315, 584.1825pt x 536.0025pt>
File: app9.png Graphic file (type png)
 <use app9.png>
Package pdftex.def Info: app9.png used on input line 618.
(pdftex.def)             Requested size: 350.51219pt x 321.60397pt.

Overfull \hbox (3.38866pt too wide) in paragraph at lines 618--619
 [][] 
 []

<app10.png, id=316, 383.93437pt x 173.89969pt>
File: app10.png Graphic file (type png)
 <use app10.png>
Package pdftex.def Info: app10.png used on input line 627.
(pdftex.def)             Requested size: 230.3624pt x 104.3406pt.


LaTeX Warning: `h' float specifier changed to `ht'.

<app11.png, id=317, 331.99031pt x 138.5175pt>
File: app11.png Graphic file (type png)
 <use app11.png>
Package pdftex.def Info: app11.png used on input line 634.
(pdftex.def)             Requested size: 199.19571pt x 83.11113pt.


LaTeX Warning: `h' float specifier changed to `ht'.


Overfull \hbox (41.89377pt too wide) in paragraph at lines 640--660
[]  
 []


Underfull \vbox (badness 10000) has occurred while \output is active []

 [25 <E:/DropBox/Dropbox/mick/masters/github/dissertation/documents/final-paper
/app9.png>] [26 <E:/DropBox/Dropbox/mick/masters/github/dissertation/documents/
final-paper/app10.png> <E:/DropBox/Dropbox/mick/masters/github/dissertation/doc
uments/final-paper/app11.png>] <app12.png, id=330, 491.58656pt x 140.77594pt>
File: app12.png Graphic file (type png)

<use app12.png>
Package pdftex.def Info: app12.png used on input line 693.
(pdftex.def)             Requested size: 344.10825pt x 98.54247pt.
 <app13.png, id=331, 381.67593pt x 180.675pt>
File: app13.png Graphic file (type png)
 <use app13.png>
Package pdftex.def Info: app13.png used on input line 700.
(pdftex.def)             Requested size: 267.17133pt x 126.47162pt.


LaTeX Warning: `h' float specifier changed to `ht'.


Overfull \hbox (41.89377pt too wide) in paragraph at lines 706--726
[]  
 []


Underfull \vbox (badness 2512) has occurred while \output is active []

 [27 <E:/DropBox/Dropbox/mick/masters/github/dissertation/documents/final-paper
/app12.png>] <app15.png, id=337, 488.57532pt x 143.03438pt>
File: app15.png Graphic file (type png)
 <use app15.png>
Package pdftex.def Info: app15.png used on input line 736.
(pdftex.def)             Requested size: 342.0004pt x 100.12337pt.


LaTeX Warning: `h' float specifier changed to `ht'.


Overfull \hbox (41.89377pt too wide) in paragraph at lines 742--762
[]  
 []


Underfull \vbox (badness 2376) has occurred while \output is active []

 [28 <E:/DropBox/Dropbox/mick/masters/github/dissertation/documents/final-paper
/app13.png>] [29 <E:/DropBox/Dropbox/mick/masters/github/dissertation/documents
/final-paper/app15.png>]
Overfull \hbox (41.89377pt too wide) in paragraph at lines 771--791
[]  
 []

[30]
Overfull \hbox (41.89377pt too wide) in paragraph at lines 817--837
[]  
 []


Underfull \hbox (badness 10000) in paragraph at lines 845--847

 []

[31]
LaTeX Font Info:    Try loading font information for OML+cmr on input line 863.

 ("C:\Program Files (x86)\MiKTeX 2.9\tex\latex\base\omlcmr.fd"
File: omlcmr.fd 1999/05/25 v2.5h Standard LaTeX font definitions
)
LaTeX Font Info:    Font shape `OML/cmr/m/n' in size <10> not available
(Font)              Font shape `OML/cmm/m/it' tried instead on input line 863.

Underfull \hbox (badness 10000) in paragraph at lines 860--874

 []


Underfull \hbox (badness 10000) in paragraph at lines 860--874

 []


Underfull \hbox (badness 10000) in paragraph at lines 860--874

 []


Underfull \hbox (badness 10000) in paragraph at lines 860--874

 []


Underfull \vbox (badness 2005) has occurred while \output is active []

 [32]
LaTeX Font Info:    Font shape `OML/cmr/m/n' in size <9> not available
(Font)              Font shape `OML/cmm/m/it' tried instead on input line 875.

Underfull \hbox (badness 10000) in paragraph at lines 875--876
[]\OT1/cmr/m/n/9 Build your own pro-fil-ing tool. [on-line] Avail-able at:
 []


Underfull \hbox (badness 10000) in paragraph at lines 877--878
[]\OT1/cmr/m/n/9 CUED SSH2 - how to use it. [on-line] Avail-able at: \OML/cmm/m
/it/9 <\OT1/cmr/m/n/9 http://www-
 []


Underfull \hbox (badness 10000) in paragraph at lines 877--878
\OT1/cmr/m/n/9 h.eng.cam.ac.uk/help/jpmg/SSH2/adv-use.html#compress\OML/cmm/m/i
t/9 >\OT1/cmr/m/n/9 [Accessed 1 Jan.
 []


Underfull \hbox (badness 10000) in paragraph at lines 880--881
[]\OT1/cmr/m/n/9 Java Con-cur-rency (&c): Pro-fil-ing with JVMTI/JVMPI,
 []


Underfull \hbox (badness 10000) in paragraph at lines 880--881
\OT1/cmr/m/n/9 SIG-PROF and AsyncGet-Call-Trace. [on-line] Avail-able at:
 []


Underfull \hbox (badness 10000) in paragraph at lines 880--881
\OML/cmm/m/it/9 <\OT1/cmr/m/n/9 http://jeremymanson.blogspot.com/2007/05/profil
ing-with-jvmtijvmpi-sigprof-
 []


Underfull \hbox (badness 1454) in paragraph at lines 881--882
[]\OT1/cmr/m/n/9 Java Tip 92: Use the JVM Pro-filer In-ter-face for ac-cu-rate 
tim-ing - Java-
 []


Underfull \hbox (badness 10000) in paragraph at lines 882--883
[]\OT1/cmr/m/n/9 JSTOR: The Amer-i-can Eco-nomic Re-view, Vol. 58,
 []


Underfull \hbox (badness 10000) in paragraph at lines 882--883
\OT1/cmr/m/n/9 No. 4 (Sep., 1968), pp. 773-787. [on-line] Avail-able at:
 []


Underfull \hbox (badness 10000) in paragraph at lines 882--883
\OML/cmm/m/it/9 <\OT1/cmr/m/n/9 http://www.jstor.org/discover/10.2307/1815532?u
id=3739696\OML/cmm/m/it/9 >\OT1/cmr/m/n/9 [Accessed 1
 []

Missing character: There is no ¬ in font cmr9!
Missing character: There is no ª in font cmr9!

Underfull \hbox (badness 10000) in paragraph at lines 886--887
[]\OT1/cmr/m/n/9 Splunking the JVM (Java Vir-tual Ma-chine). [on-line] Avail-ab
le at:
 []


Underfull \hbox (badness 10000) in paragraph at lines 886--887
\OML/cmm/m/it/9 <\OT1/cmr/m/n/9 http://www.slideshare.net/damiendallimore/splun
king-the-jvm-java-virtual-
 []


Underfull \hbox (badness 10000) in paragraph at lines 891--892
[]\OT1/cmr/m/n/9 Examples and def-i-ni-tion of machine-generated data | DBMS
 []


Underfull \hbox (badness 10000) in paragraph at lines 891--892
\OT1/cmr/m/n/9 2 : DataBase Man-age-ment Sys-tem Ser-vices. [on-line] Avail-abl
e at:
 []


Underfull \hbox (badness 10000) in paragraph at lines 891--892
\OML/cmm/m/it/9 <\OT1/cmr/m/n/9 http://www.dbms2.com/2010/12/30/examples-and-de
finition-of-machine-
 []


Underfull \hbox (badness 10000) in paragraph at lines 892--893
[]\OT1/cmr/m/n/9 Page 10 - Chromium Ren-der-server: Scal-able and Open Source R
e-
 []


Underfull \hbox (badness 10000) in paragraph at lines 892--893
\OT1/cmr/m/n/9 mote Ren-der-ing In-fras-truc-ture [eSchol-ar-ship]. [on-line] A
vail-able at:
 []

[33pdfTeX warning (ext4): destination with the same identifier (name{cite.bib:o
ne_book}) has been already used, duplicate ignored

\AtBegShi@Output ...ipout \box \AtBeginShipoutBox 
                                                  \fi \fi 
l.893 \bibitem{bib:one_book}
                             JSch - Java Secure Channel. [online] Available ...
pdfTeX warning (ext4): destination with the same identifier (name{cite.bib:one_
book}) has been already used, duplicate ignored

\AtBegShi@Output ...ipout \box \AtBeginShipoutBox 
                                                  \fi \fi 
l.893 \bibitem{bib:one_book}
                             JSch - Java Secure Channel. [online] Available ...
pdfTeX warning (ext4): destination with the same identifier (name{cite.bib:one_
book}) has been already used, duplicate ignored

\AtBegShi@Output ...ipout \box \AtBeginShipoutBox 
                                                  \fi \fi 
l.893 \bibitem{bib:one_book}
                             JSch - Java Secure Channel. [online] Available ...
pdfTeX warning (ext4): destination with the same identifier (name{cite.bib:one_
book}) has been already used, duplicate ignored

\AtBegShi@Output ...ipout \box \AtBeginShipoutBox 
                                                  \fi \fi 
l.893 \bibitem{bib:one_book}
                             JSch - Java Secure Channel. [online] Available ...
pdfTeX warning (ext4): destination with the same identifier (name{cite.bib:one_
book}) has been already used, duplicate ignored

\AtBegShi@Output ...ipout \box \AtBeginShipoutBox 
                                                  \fi \fi 
l.893 \bibitem{bib:one_book}
                             JSch - Java Secure Channel. [online] Available ...
pdfTeX warning (ext4): destination with the same identifier (name{cite.bib:one_
book}) has been already used, duplicate ignored

\AtBegShi@Output ...ipout \box \AtBeginShipoutBox 
                                                  \fi \fi 
l.893 \bibitem{bib:one_book}
                             JSch - Java Secure Channel. [online] Available ...
pdfTeX warning (ext4): destination with the same identifier (name{cite.bib:one_
book}) has been already used, duplicate ignored

\AtBegShi@Output ...ipout \box \AtBeginShipoutBox 
                                                  \fi \fi 
l.893 \bibitem{bib:one_book}
                             JSch - Java Secure Channel. [online] Available ...
pdfTeX warning (ext4): destination with the same identifier (name{cite.bib:one_
book}) has been already used, duplicate ignored

\AtBegShi@Output ...ipout \box \AtBeginShipoutBox 
                                                  \fi \fi 
l.893 \bibitem{bib:one_book}
                             JSch - Java Secure Channel. [online] Available ...
pdfTeX warning (ext4): destination with the same identifier (name{cite.bib:one_
book}) has been already used, duplicate ignored

\AtBegShi@Output ...ipout \box \AtBeginShipoutBox 
                                                  \fi \fi 
l.893 \bibitem{bib:one_book}
                             JSch - Java Secure Channel. [online] Available ...
pdfTeX warning (ext4): destination with the same identifier (name{cite.bib:one_
book}) has been already used, duplicate ignored

\AtBegShi@Output ...ipout \box \AtBeginShipoutBox 
                                                  \fi \fi 
l.893 \bibitem{bib:one_book}
                             JSch - Java Secure Channel. [online] Available ...
pdfTeX warning (ext4): destination with the same identifier (name{cite.bib:one_
book}) has been already used, duplicate ignored

\AtBegShi@Output ...ipout \box \AtBeginShipoutBox 
                                                  \fi \fi 
l.893 \bibitem{bib:one_book}
                             JSch - Java Secure Channel. [online] Available ...
pdfTeX warning (ext4): destination with the same identifier (name{cite.bib:one_
book}) has been already used, duplicate ignored

\AtBegShi@Output ...ipout \box \AtBeginShipoutBox 
                                                  \fi \fi 
l.893 \bibitem{bib:one_book}
                             JSch - Java Secure Channel. [online] Available ...
pdfTeX warning (ext4): destination with the same identifier (name{cite.bib:one_
book}) has been already used, duplicate ignored

\AtBegShi@Output ...ipout \box \AtBeginShipoutBox 
                                                  \fi \fi 
l.893 \bibitem{bib:one_book}
                             JSch - Java Secure Channel. [online] Available ...
pdfTeX warning (ext4): destination with the same identifier (name{cite.bib:one_
book}) has been already used, duplicate ignored

\AtBegShi@Output ...ipout \box \AtBeginShipoutBox 
                                                  \fi \fi 
l.893 \bibitem{bib:one_book}
                             JSch - Java Secure Channel. [online] Available ...
pdfTeX warning (ext4): destination with the same identifier (name{cite.bib:one_
book}) has been already used, duplicate ignored

\AtBegShi@Output ...ipout \box \AtBeginShipoutBox 
                                                  \fi \fi 
l.893 \bibitem{bib:one_book}
                             JSch - Java Secure Channel. [online] Available ...
]pdfTeX warning (ext4): destination with the same identifier (name{cite.bib:one
_book}) has been already used, duplicate ignored
<to be read again> 
                   \relax 
l.893 \bibitem{bib:one_book}
                             JSch - Java Secure Channel. [online] Available ...

Underfull \hbox (badness 10000) in paragraph at lines 893--894
[]\OT1/cmr/m/n/9 JSch - Java Se-cure Chan-nel. [on-line] Avail-able at:
 []

pdfTeX warning (ext4): destination with the same identifier (name{cite.bib:one_
book}) has been already used, duplicate ignored
<to be read again> 
                   \relax 
l.894 \bibitem{bib:one_book}
                             The Java Virtual Machine Profiler Interface | D...
Missing character: There is no ‚ in font cmr9!
Missing character: There is no Ä in font cmr9!
Missing character: There is no ô in font cmr9!

Underfull \hbox (badness 1237) in paragraph at lines 894--895
[]\OT1/cmr/m/n/9 The Java Vir-tual Ma-chine Pro-filer In-ter-face | Dr Dobbs. [
on-line] Avail-
 []


Underfull \hbox (badness 10000) in paragraph at lines 894--895
\OT1/cmr/m/n/9 able at: \OML/cmm/m/it/9 <\OT1/cmr/m/n/9 http://www.drdobbs.com/
jvm/the-java-virtual-machine-profiler-
 []

pdfTeX warning (ext4): destination with the same identifier (name{cite.bib:one_
book}) has been already used, duplicate ignored
<to be read again> 
                   \relax 
l.895 \bibitem{bib:one_book}
                             The Java Virtual Machine Profiler Interface (JV...

Underfull \hbox (badness 2698) in paragraph at lines 895--896
[]\OT1/cmr/m/n/9 The Java Vir-tual Ma-chine Pro-filer In-ter-face (JVMPI). [on-
line] Avail-able
 []

pdfTeX warning (ext4): destination with the same identifier (name{cite.bib:one_
book}) has been already used, duplicate ignored
<to be read again> 
                   \relax 
l.896 \bibitem{bib:one_book}
                             Bloom Filters by Example. [online] Available at...
pdfTeX warning (ext4): destination with the same identifier (name{cite.bib:one_
book}) has been already used, duplicate ignored
<to be read again> 
                   \relax 
l.897 \bibitem{bib:one_book}
                             View the latest version that the requested docu...

Underfull \hbox (badness 10000) in paragraph at lines 897--899
[]\OT1/cmr/m/n/9 View the lat-est ver-sion that the re-quested doc-u-men-ta-tio
n
 []


Underfull \hbox (badness 10000) in paragraph at lines 897--899
\OT1/cmr/m/n/9 is avail-able in. - Splunk Knowl-edge-base. [on-line] Avail-able
 at:
 []


Overfull \hbox (136.19261pt too wide) in paragraph at lines 897--899
\OML/cmm/m/it/9 <\OT1/cmr/m/n/9 http://docs.splunk.com/Special:SpecialLatestDoc
?t=Documentation/Splunk/latest/Admin/Bloomfilters\OML/cmm/m/it/9 >\OT1/cmr/m/n/
9 [Accessed
 []

pdfTeX warning (ext4): destination with the same identifier (name{cite.bib:one_
book}) has been already used, duplicate ignored
<to be read again> 
                   \relax 
l.899 \bibitem{bib:one_book}
                             Splunk Breakthrough Recognized with Grant of U....

Underfull \hbox (badness 6236) in paragraph at lines 899--900
[]\OT1/cmr/m/n/9 Splunk Break-through Rec-og-nized with Grant of U.S. Patent fo
r Or-
 []


Underfull \hbox (badness 3780) in paragraph at lines 899--900
\OT1/cmr/m/n/9 ga-niz-ing and Un-der-stand-ing Mas-sive Ma-chine Data. [on-line
] Avail-able at:
 []

pdfTeX warning (ext4): destination with the same identifier (name{cite.bib:one_
book}) has been already used, duplicate ignored
<to be read again> 
                   \relax 
l.900 \bibitem{bib:one_book}
                             Platform Monitoring and Management Using JMX. [...

Underfull \hbox (badness 2229) in paragraph at lines 900--901
[]\OT1/cmr/m/n/9 Platform Mon-i-tor-ing and Man-age-ment Us-ing JMX. [on-line] 
Avail-able at:
 []


Overfull \hbox (9.67824pt too wide) in paragraph at lines 900--901
\OML/cmm/m/it/9 <\OT1/cmr/m/n/9 http://docs.oracle.com/javase/1.5.0/docs/guide/
management/agent.html\OML/cmm/m/it/9 >\OT1/cmr/m/n/9 [Accessed
 []

pdfTeX warning (ext4): destination with the same identifier (name{cite.bib:one_
book}) has been already used, duplicate ignored
<to be read again> 
                   \relax 
l.901 \bibitem{bib:one_book}
                             JDK 5.0 Java Virtual Machine Tool Interface (JV...

Underfull \hbox (badness 7504) in paragraph at lines 901--902
[]\OT1/cmr/m/n/9 JDK 5.0 Java Vir-tual Ma-chine Tool In-ter-face (JVMTI)-relate
d APIs
 []


Underfull \hbox (badness 10000) in paragraph at lines 901--902
\OT1/cmr/m/n/9 & De-vel-oper Guides -- from Sun Mi-crosys-tems. [on-line] Avail
-able at:
 []

pdfTeX warning (ext4): destination with the same identifier (name{cite.bib:one_
book}) has been already used, duplicate ignored
<to be read again> 
                   \relax 
l.902 \bibitem{bib:one_book}
                             Enterprise information management - Wikipedia, ...

Overfull \hbox (32.87204pt too wide) in paragraph at lines 902--903
\OT1/cmr/m/n/9 Avail-able at: \OML/cmm/m/it/9 <\OT1/cmr/m/n/9 http://en.wikiped
ia.org/wiki/Enterprise[]information[]management\OML/cmm/m/it/9 >\OT1/cmr/m/n/9 
[Accessed
 []

pdfTeX warning (ext4): destination with the same identifier (name{cite.bib:one_
book}) has been already used, duplicate ignored
<to be read again> 
                   \relax 
l.903 \bibitem{bib:one_book}
                             Enterprise Information Management Software EIM ...
Package atveryend Info: Empty hook `BeforeClearDocument' on input line 909.
[34pdfTeX warning (ext4): destination with the same identifier (name{cite.bib:o
ne_book}) has been already used, duplicate ignored

\AtBegShi@Output ...ipout \box \AtBeginShipoutBox 
                                                  \fi \fi 
l.909 \end{document}
                    ]
Package atveryend Info: Empty hook `AfterLastShipout' on input line 909.

(E:\DropBox\Dropbox\mick\masters\github\dissertation\documents\final-paper\diss
ertation.aux)
Package atveryend Info: Executing hook `AtVeryEndDocument' on input line 909.
Package atveryend Info: Executing hook `AtEndAfterFileList' on input line 909.
Package rerunfilecheck Info: File `dissertation.out' has not changed.
(rerunfilecheck)             Checksum: A098E3C3A977C08CA4C33BF7620A6D4E;2446.


LaTeX Warning: There were multiply-defined labels.

Package atveryend Info: Empty hook `AtVeryVeryEnd' on input line 909.
 ) 
Here is how much of TeX's memory you used:
 6175 strings out of 493706
 88933 string characters out of 3142171
 183060 words of memory out of 3000000
 9337 multiletter control sequences out of 15000+200000
 7091 words of font info for 26 fonts, out of 3000000 for 9000
 1025 hyphenation exceptions out of 8191
 29i,13n,28p,1151b,461s stack positions out of 5000i,500n,10000p,200000b,50000s
<C:/Program Files (x86)/MiKTeX 2.9/fonts/type1/public/amsfonts/cm/cmbx10.pfb>
<C:/Program Files (x86)/MiKTeX 2.9/fonts/type1/public/amsfonts/cm/cmbx12.pfb><C
:/Program Files (x86)/MiKTeX 2.9/fonts/type1/public/amsfonts/cm/cmbx9.pfb><C:/P
rogram Files (x86)/MiKTeX 2.9/fonts/type1/public/amsfonts/cm/cmmi10.pfb><C:/Pro
gram Files (x86)/MiKTeX 2.9/fonts/type1/public/amsfonts/cm/cmmi9.pfb><C:/Progra
m Files (x86)/MiKTeX 2.9/fonts/type1/public/amsfonts/cm/cmr10.pfb><C:/Program F
iles (x86)/MiKTeX 2.9/fonts/type1/public/amsfonts/cm/cmr7.pfb><C:/Program Files
 (x86)/MiKTeX 2.9/fonts/type1/public/amsfonts/cm/cmr9.pfb><C:/Program Files (x8
6)/MiKTeX 2.9/fonts/type1/public/amsfonts/cm/cmsy10.pfb><C:/Program Files (x86)
/MiKTeX 2.9/fonts/type1/public/amsfonts/cm/cmti10.pfb><C:/Program Files (x86)/M
iKTeX 2.9/fonts/type1/public/amsfonts/cm/cmtt10.pfb>
Output written on dissertation.pdf (34 pages, 623016 bytes).
PDF statistics:
 435 PDF objects out of 1000 (max. 8388607)
 108 named destinations out of 1000 (max. 500000)
 303 words of extra memory for PDF output out of 10000 (max. 10000000)

